<?xml version="1.0" encoding="UTF-8"?>
<!-- Generated by org.testng.reporters.JUnitReportReporter -->
<testsuite skipped="0" hostname="PC" name="TestNG.addressbook" tests="1" failures="0" timestamp="01 Mar 2019 15:31:10 GMT" time="8.847" errors="0">
  <testcase name="verifyaddbook" time="8.847" classname="TestNG.addressbook"/>
</testsuite> <!-- TestNG.addressbook -->
